This is pdfTeX, Version 3.14159265-2.6-1.40.20 (TeX Live 2019/Debian) (preloaded format=pdflatex 2019.10.24)  21 MAR 2020 15:34
entering extended mode
 restricted \write18 enabled.
 %&-line parsing enabled.
**CV_Erick_HN_Spanish.tex
(./CV_Erick_HN_Spanish.tex
LaTeX2e <2018-12-01>
(/usr/share/texlive/texmf-dist/tex/latex/base/report.cls
Document Class: report 2018/09/03 v1.4i Standard LaTeX document class
(/usr/share/texlive/texmf-dist/tex/latex/base/size10.clo
File: size10.clo 2018/09/03 v1.4i Standard LaTeX file (size option)
)
\c@part=\count80
\c@chapter=\count81
\c@section=\count82
\c@subsection=\count83
\c@subsubsection=\count84
\c@paragraph=\count85
\c@subparagraph=\count86
\c@figure=\count87
\c@table=\count88
\abovecaptionskip=\skip41
\belowcaptionskip=\skip42
\bibindent=\dimen102
)
(/usr/share/texlive/texmf-dist/tex/generic/babel/babel.sty
Package: babel 2019/06/03 3.32 The Babel package

(/usr/share/texlive/texmf-dist/tex/generic/babel/switch.def
File: switch.def 2019/06/03 3.32 Babel switching mechanism
)
(/usr/share/texlive/texmf-dist/tex/generic/babel-spanish/spanish.ldf
Language: spanish.ldf 2016/03/03 v5.0p Spanish support from the babel system

(/usr/share/texlive/texmf-dist/tex/generic/babel/babel.def
File: babel.def 2019/06/03 3.32 Babel common definitions
\babel@savecnt=\count89
\U@D=\dimen103

(/usr/share/texlive/texmf-dist/tex/generic/babel/txtbabel.def)
\bbl@dirlevel=\count90
)
\es@quottoks=\toks14
\es@quotdepth=\count91
Package babel Info: Making " an active character on input line 561.
Package babel Info: Making . an active character on input line 662.
Package babel Info: Making < an active character on input line 707.
Package babel Info: Making > an active character on input line 707.
))
(/usr/share/texlive/texmf-dist/tex/latex/base/inputenc.sty
Package: inputenc 2018/08/11 v1.3c Input encoding file
\inpenc@prehook=\toks15
\inpenc@posthook=\toks16

(/usr/share/texlive/texmf-dist/tex/latex/base/latin1.def
File: latin1.def 2018/08/11 v1.3c Input encoding file
))
(/usr/share/texlive/texmf-dist/tex/latex/colortbl/colortbl.sty
Package: colortbl 2018/12/12 v1.0d Color table columns (DPC)

(/usr/share/texlive/texmf-dist/tex/latex/tools/array.sty
Package: array 2018/12/30 v2.4k Tabular extension package (FMi)
\col@sep=\dimen104
\ar@mcellbox=\box27
\extrarowheight=\dimen105
\NC@list=\toks17
\extratabsurround=\skip43
\backup@length=\skip44
\ar@cellbox=\box28
)
(/usr/share/texlive/texmf-dist/tex/latex/graphics/color.sty
Package: color 2016/07/10 v1.1e Standard LaTeX Color (DPC)

(/usr/share/texlive/texmf-dist/tex/latex/graphics-cfg/color.cfg
File: color.cfg 2016/01/02 v1.6 sample color configuration
)
Package color Info: Driver file: pdftex.def on input line 147.

(/usr/share/texlive/texmf-dist/tex/latex/graphics-def/pdftex.def
File: pdftex.def 2018/01/08 v1.0l Graphics/color driver for pdftex
))
\everycr=\toks18
\minrowclearance=\skip45
)
(/usr/share/texlive/texmf-dist/tex/latex/enumitem/enumitem.sty
Package: enumitem 2019/06/20 v3.9 Customized lists
\enitkv@toks@=\toks19
\labelindent=\skip46
\enit@outerparindent=\dimen106
\enit@toks=\toks20
\enit@inbox=\box29
\enit@count@id=\count92
\enitdp@description=\count93
)
(./CV_Erick_HN_Spanish.aux)
\openout1 = `CV_Erick_HN_Spanish.aux'.

LaTeX Font Info:    Checking defaults for OML/cmm/m/it on input line 22.
LaTeX Font Info:    ... okay on input line 22.
LaTeX Font Info:    Checking defaults for T1/cmr/m/n on input line 22.
LaTeX Font Info:    ... okay on input line 22.
LaTeX Font Info:    Checking defaults for OT1/cmr/m/n on input line 22.
LaTeX Font Info:    ... okay on input line 22.
LaTeX Font Info:    Checking defaults for OMS/cmsy/m/n on input line 22.
LaTeX Font Info:    ... okay on input line 22.
LaTeX Font Info:    Checking defaults for OMX/cmex/m/n on input line 22.
LaTeX Font Info:    ... okay on input line 22.
LaTeX Font Info:    Checking defaults for U/cmr/m/n on input line 22.
LaTeX Font Info:    ... okay on input line 22.
LaTeX Info: Redefining \. on input line 22.
LaTeX Info: Redefining \% on input line 22.

(/usr/share/texlive/texmf-dist/tex/context/base/mkii/supp-pdf.mkii
[Loading MPS to PDF converter (version 2006.09.02).]
\scratchcounter=\count94
\scratchdimen=\dimen107
\scratchbox=\box30
\nofMPsegments=\count95
\nofMParguments=\count96
\everyMPshowfont=\toks21
\MPscratchCnt=\count97
\MPscratchDim=\dimen108
\MPnumerator=\count98
\makeMPintoPDFobject=\count99
\everyMPtoPDFconversion=\toks22
)
LaTeX Font Info:    External font `cmex10' loaded for size
(Font)              <7> on input line 25.
LaTeX Font Info:    External font `cmex10' loaded for size
(Font)              <5> on input line 25.
LaTeX Font Info:    Try loading font information for OMS+cmr on input line 27.
 (/usr/share/texlive/texmf-dist/tex/latex/base/omscmr.fd
File: omscmr.fd 2014/09/29 v2.5h Standard LaTeX font definitions
)
LaTeX Font Info:    Font shape `OMS/cmr/m/n' in size <10> not available
(Font)              Font shape `OMS/cmsy/m/n' tried instead on input line 27.

! Missing $ inserted.
<inserted text> 
                $
l.34 ...olor{black} \textcolor{white}{Educación}}
                                                  \\ \\
? 
! Extra }, or forgotten $.
\maththreesuperior ->{^3}
                         
l.34 ...olor{black} \textcolor{white}{Educación}}
                                                  \\ \\
? 
! Extra }, or forgotten $.
\@textcolor ...otect \leavevmode {\color #1{#2}#3}
                                                  
l.34 ...olor{black} \textcolor{white}{Educación}}
                                                  \\ \\
? 
! Missing $ inserted.
<inserted text> 
                $
l.34 ...olor{black} \textcolor{white}{Educación}}
                                                  \\ \\
? 
! Missing } inserted.
<inserted text> 
                }
l.34 ...olor{black} \textcolor{white}{Educación}}
                                                  \\ \\
? 
! Missing } inserted.
<inserted text> 
                }
l.34 ...olor{black} \textcolor{white}{Educación}}
                                                  \\ \\
? 
! Missing $ inserted.
<inserted text> 
                $
l.36 ...007-2010}& Escuela Tecnica en Programació
                                                  n
? 
! Extra }, or forgotten $.
\maththreesuperior ->{^3}
                         
l.36 ...007-2010}& Escuela Tecnica en Programació
                                                  n
? 
! Missing } inserted.
<inserted text> 
                }
l.38         \textbf
                    {2011-2015} & Licenciatura en Matematicas en \textbf{ Fa...

? 
! Extra }, or forgotten $.
<inserted text> }
                 
l.38         \textbf
                    {2011-2015} & Licenciatura en Matematicas en \textbf{ Fa...

? 
! Missing } inserted.
<inserted text> 
                }
l.38         \textbf
                    {2011-2015} & Licenciatura en Matematicas en \textbf{ Fa...

? 
! Extra }, or forgotten $.
<inserted text> }
                 
l.38         \textbf
                    {2011-2015} & Licenciatura en Matematicas en \textbf{ Fa...

? 
! Missing } inserted.
<inserted text> 
                }
l.38         \textbf
                    {2011-2015} & Licenciatura en Matematicas en \textbf{ Fa...

? 
! Extra }, or forgotten $.
<inserted text> }
                 
l.38         \textbf
                    {2011-2015} & Licenciatura en Matematicas en \textbf{ Fa...

? 
! Missing } inserted.
<inserted text> 
                }
l.38         \textbf
                    {2011-2015} & Licenciatura en Matematicas en \textbf{ Fa...

? 
! Extra }, or forgotten $.
<inserted text> }
                 
l.38         \textbf
                    {2011-2015} & Licenciatura en Matematicas en \textbf{ Fa...

? 
! Emergency stop.
<inserted text> }
                 
l.38         \textbf
                    {2011-2015} & Licenciatura en Matematicas en \textbf{ Fa...
End of file on the terminal!

 
Here is how much of TeX's memory you used:
 2159 strings out of 492609
 29304 string characters out of 6131461
 102605 words of memory out of 5000000
 6110 multiletter control sequences out of 15000+600000
 4834 words of font info for 18 fonts, out of 8000000 for 9000
 1141 hyphenation exceptions out of 8191
 27i,14n,31p,238b,359s stack positions out of 5000i,500n,10000p,200000b,80000s
!  ==> Fatal error occurred, no output PDF file produced!
